[18-Jun-2018 01:09:58] ERROR: [pool www] cannot get uid for user 'www'
[18-Jun-2018 01:09:58] ERROR: FPM initialization failed
[18-Jun-2018 01:10:50] ERROR: [pool www] cannot get uid for user 'www'
[18-Jun-2018 01:10:50] ERROR: FPM initialization failed
[18-Jun-2018 01:12:25] ERROR: [pool www] cannot get uid for user 'www'
[18-Jun-2018 01:12:25] ERROR: FPM initialization failed
[18-Jun-2018 01:12:26] ERROR: [pool www] cannot get uid for user 'www'
[18-Jun-2018 01:12:26] ERROR: FPM initialization failed
[18-Jun-2018 01:12:27] ERROR: [pool www] cannot get uid for user 'www'
[18-Jun-2018 01:12:27] ERROR: FPM initialization failed
[18-Jun-2018 01:12:28] ERROR: [pool www] cannot get uid for user 'www'
[18-Jun-2018 01:12:28] ERROR: FPM initialization failed
[18-Jun-2018 01:12:29] ERROR: [pool www] cannot get uid for user 'www'
[18-Jun-2018 01:12:29] ERROR: FPM initialization failed
[18-Jun-2018 01:12:31] ERROR: [pool www] cannot get uid for user 'www'
[18-Jun-2018 01:12:31] ERROR: FPM initialization failed
[18-Jun-2018 01:12:35] ERROR: [pool www] cannot get uid for user 'www'
[18-Jun-2018 01:12:35] ERROR: FPM initialization failed
[18-Jun-2018 01:12:42] ERROR: [pool www] cannot get uid for user 'www'
[18-Jun-2018 01:12:42] ERROR: FPM initialization failed
[18-Jun-2018 01:12:56] ERROR: [pool www] cannot get uid for user 'www'
[18-Jun-2018 01:12:56] ERROR: FPM initialization failed
[18-Jun-2018 01:13:22] NOTICE: fpm is running, pid 1
[18-Jun-2018 01:13:22] NOTICE: ready to handle connections
[18-Jun-2018 14:34:39] NOTICE: Terminating ...
[18-Jun-2018 14:34:39] NOTICE: exiting, bye-bye!
[18-Jun-2018 14:35:07] NOTICE: fpm is running, pid 1
[18-Jun-2018 14:35:07] NOTICE: ready to handle connections
[18-Jun-2018 16:37:17] NOTICE: Terminating ...
[18-Jun-2018 16:37:17] NOTICE: exiting, bye-bye!
[18-Jun-2018 17:49:27] NOTICE: fpm is running, pid 1
[18-Jun-2018 17:49:27] NOTICE: ready to handle connections
[18-Jun-2018 18:00:31] NOTICE: Terminating ...
[18-Jun-2018 18:00:31] NOTICE: exiting, bye-bye!
[18-Jun-2018 18:49:02] NOTICE: fpm is running, pid 1
[18-Jun-2018 18:49:02] NOTICE: ready to handle connections
[18-Jun-2018 20:10:59] NOTICE: Terminating ...
[18-Jun-2018 20:10:59] NOTICE: exiting, bye-bye!
[18-Jun-2018 20:11:07] NOTICE: fpm is running, pid 1
[18-Jun-2018 20:11:07] NOTICE: ready to handle connections
[18-Jun-2018 20:11:21] NOTICE: Terminating ...
[18-Jun-2018 20:11:21] NOTICE: exiting, bye-bye!
[18-Jun-2018 20:41:19] NOTICE: fpm is running, pid 1
[18-Jun-2018 20:41:19] NOTICE: ready to handle connections
[18-Jun-2018 21:10:25] NOTICE: Terminating ...
[18-Jun-2018 21:10:25] NOTICE: exiting, bye-bye!
[19-Jun-2018 09:13:36] NOTICE: fpm is running, pid 1
[19-Jun-2018 09:13:36] NOTICE: ready to handle connections
[19-Jun-2018 09:16:05] NOTICE: Terminating ...
[19-Jun-2018 09:16:05] NOTICE: exiting, bye-bye!
[19-Jun-2018 09:17:37] NOTICE: fpm is running, pid 1
[19-Jun-2018 09:17:37] NOTICE: ready to handle connections
[19-Jun-2018 09:21:36] NOTICE: Terminating ...
[19-Jun-2018 09:21:36] NOTICE: exiting, bye-bye!
[19-Jun-2018 20:19:30] NOTICE: fpm is running, pid 1
[19-Jun-2018 20:19:31] NOTICE: ready to handle connections
[19-Jun-2018 20:20:02] NOTICE: Terminating ...
[19-Jun-2018 20:20:02] NOTICE: exiting, bye-bye!
[19-Jun-2018 23:15:51] NOTICE: fpm is running, pid 1
[19-Jun-2018 23:15:51] NOTICE: ready to handle connections
[20-Jun-2018 09:24:33] NOTICE: Terminating ...
[20-Jun-2018 09:24:33] NOTICE: exiting, bye-bye!
[20-Jun-2018 09:25:39] NOTICE: fpm is running, pid 1
[20-Jun-2018 09:25:39] NOTICE: ready to handle connections
[20-Jun-2018 09:38:10] NOTICE: Terminating ...
[20-Jun-2018 09:38:10] NOTICE: exiting, bye-bye!
[20-Jun-2018 09:38:21] NOTICE: fpm is running, pid 1
[20-Jun-2018 09:38:21] NOTICE: ready to handle connections
[20-Jun-2018 09:44:01] NOTICE: Terminating ...
[20-Jun-2018 09:44:01] NOTICE: exiting, bye-bye!
[20-Jun-2018 09:44:10] NOTICE: fpm is running, pid 1
[20-Jun-2018 09:44:10] NOTICE: ready to handle connections
[20-Jun-2018 09:52:21] NOTICE: Terminating ...
[20-Jun-2018 09:52:21] NOTICE: exiting, bye-bye!
[20-Jun-2018 09:52:29] NOTICE: fpm is running, pid 1
[20-Jun-2018 09:52:29] NOTICE: ready to handle connections
[20-Jun-2018 09:54:51] NOTICE: Terminating ...
[20-Jun-2018 09:54:51] NOTICE: exiting, bye-bye!
[20-Jun-2018 09:54:58] NOTICE: fpm is running, pid 1
[20-Jun-2018 09:54:59] NOTICE: ready to handle connections
[20-Jun-2018 10:11:04] NOTICE: Terminating ...
[20-Jun-2018 10:11:04] NOTICE: exiting, bye-bye!
[20-Jun-2018 12:48:18] NOTICE: fpm is running, pid 1
[20-Jun-2018 12:48:18] NOTICE: ready to handle connections
[20-Jun-2018 13:06:24] NOTICE: Terminating ...
[20-Jun-2018 13:06:24] NOTICE: exiting, bye-bye!
[20-Jun-2018 13:07:09] NOTICE: fpm is running, pid 1
[20-Jun-2018 13:07:09] NOTICE: ready to handle connections
